<?xml version="1.0" encoding="UTF-8"?>
<coverage generated="1586841498042" clover="3.2.0">
  <project timestamp="1586841498042" name="All files">
    <metrics statements="103" coveredstatements="102" conditionals="39" coveredconditionals="38" methods="30" coveredmethods="30" elements="172" coveredelements="170" complexity="0" loc="103" ncloc="103" packages="1" files="3" classes="3"/>
    <file name="actions.js" path="/Users/ben.march/Projects/react-hook-tour/lib/actions.js">
      <metrics statements="48" coveredstatements="48" conditionals="18" coveredconditionals="18" methods="15" coveredmethods="15"/>
      <line num="27" count="29" type="stmt"/>
      <line num="28" count="17" type="cond" truecount="2" falsecount="0"/>
      <line num="29" count="1" type="stmt"/>
      <line num="32" count="17" type="stmt"/>
      <line num="33" count="17" type="cond" truecount="4" falsecount="0"/>
      <line num="34" count="3" type="stmt"/>
      <line num="41" count="29" type="stmt"/>
      <line num="42" count="4" type="cond" truecount="2" falsecount="0"/>
      <line num="43" count="3" type="stmt"/>
      <line num="45" count="3" type="stmt"/>
      <line num="53" count="3" type="stmt"/>
      <line num="62" count="29" type="stmt"/>
      <line num="63" count="3" type="cond" truecount="2" falsecount="0"/>
      <line num="64" count="2" type="stmt"/>
      <line num="66" count="2" type="stmt"/>
      <line num="75" count="29" type="stmt"/>
      <line num="76" count="3" type="cond" truecount="2" falsecount="0"/>
      <line num="77" count="2" type="stmt"/>
      <line num="79" count="2" type="stmt"/>
      <line num="88" count="29" type="stmt"/>
      <line num="89" count="3" type="cond" truecount="2" falsecount="0"/>
      <line num="90" count="2" type="stmt"/>
      <line num="92" count="2" type="stmt"/>
      <line num="101" count="29" type="stmt"/>
      <line num="102" count="3" type="cond" truecount="2" falsecount="0"/>
      <line num="103" count="2" type="stmt"/>
      <line num="105" count="2" type="stmt"/>
      <line num="118" count="29" type="stmt"/>
      <line num="119" count="3" type="cond" truecount="2" falsecount="0"/>
      <line num="120" count="2" type="stmt"/>
      <line num="122" count="2" type="stmt"/>
      <line num="137" count="29" type="stmt"/>
      <line num="138" count="1" type="stmt"/>
      <line num="148" count="29" type="stmt"/>
      <line num="149" count="1" type="stmt"/>
      <line num="162" count="29" type="stmt"/>
      <line num="163" count="2" type="stmt"/>
      <line num="165" count="2" type="stmt"/>
      <line num="178" count="29" type="stmt"/>
      <line num="179" count="2" type="stmt"/>
      <line num="181" count="2" type="stmt"/>
      <line num="194" count="29" type="stmt"/>
      <line num="195" count="1" type="stmt"/>
      <line num="208" count="29" type="stmt"/>
      <line num="209" count="1" type="stmt"/>
      <line num="222" count="29" type="stmt"/>
      <line num="223" count="1" type="stmt"/>
      <line num="229" count="29" type="stmt"/>
    </file>
    <file name="constants.js" path="/Users/ben.march/Projects/react-hook-tour/lib/constants.js">
      <metrics statements="13" coveredstatements="13" conditionals="0" coveredconditionals="0" methods="0" coveredmethods="0"/>
      <line num="2" count="2" type="stmt"/>
      <line num="3" count="2" type="stmt"/>
      <line num="4" count="2" type="stmt"/>
      <line num="5" count="2" type="stmt"/>
      <line num="6" count="2" type="stmt"/>
      <line num="7" count="2" type="stmt"/>
      <line num="8" count="2" type="stmt"/>
      <line num="9" count="2" type="stmt"/>
      <line num="10" count="2" type="stmt"/>
      <line num="11" count="2" type="stmt"/>
      <line num="12" count="2" type="stmt"/>
      <line num="13" count="2" type="stmt"/>
      <line num="15" count="2" type="stmt"/>
    </file>
    <file name="reducer.js" path="/Users/ben.march/Projects/react-hook-tour/lib/reducer.js">
      <metrics statements="42" coveredstatements="41" conditionals="21" coveredconditionals="20" methods="15" coveredmethods="15"/>
      <line num="17" count="1" type="stmt"/>
      <line num="38" count="1" type="stmt"/>
      <line num="39" count="18" type="stmt"/>
      <line num="41" count="18" type="cond" truecount="2" falsecount="0"/>
      <line num="42" count="4" type="stmt"/>
      <line num="45" count="14" type="cond" truecount="2" falsecount="0"/>
      <line num="46" count="10" type="stmt"/>
      <line num="49" count="4" type="cond" truecount="1" falsecount="1"/>
      <line num="50" count="4" type="stmt"/>
      <line num="53" count="0" type="stmt"/>
      <line num="57" count="23" type="cond" truecount="13" falsecount="0"/>
      <line num="59" count="2" type="stmt"/>
      <line num="67" count="2" type="cond" truecount="2" falsecount="0"/>
      <line num="68" count="1" type="stmt"/>
      <line num="69" count="1" type="stmt"/>
      <line num="72" count="2" type="stmt"/>
      <line num="75" count="2" type="stmt"/>
      <line num="76" count="2" type="stmt"/>
      <line num="79" count="1" type="stmt"/>
      <line num="86" count="1" type="stmt"/>
      <line num="97" count="1" type="stmt"/>
      <line num="104" count="1" type="stmt"/>
      <line num="111" count="9" type="stmt"/>
      <line num="122" count="1" type="stmt"/>
      <line num="128" count="1" type="stmt"/>
      <line num="134" count="1" type="stmt"/>
      <line num="143" count="1" type="stmt"/>
      <line num="150" count="1" type="stmt"/>
      <line num="156" count="1" type="stmt"/>
      <line num="161" count="12" type="stmt"/>
      <line num="162" count="1" type="stmt"/>
      <line num="163" count="1" type="stmt"/>
      <line num="164" count="1" type="stmt"/>
      <line num="165" count="1" type="stmt"/>
      <line num="166" count="1" type="stmt"/>
      <line num="167" count="1" type="stmt"/>
      <line num="168" count="1" type="stmt"/>
      <line num="169" count="1" type="stmt"/>
      <line num="170" count="1" type="stmt"/>
      <line num="171" count="1" type="stmt"/>
      <line num="172" count="1" type="stmt"/>
      <line num="173" count="1" type="stmt"/>
    </file>
  </project>
</coverage>
