{"/Users/ben.march/Projects/react-hook-tour/lib/TourPopover.jsx": {"path":"/Users/ben.march/Projects/react-hook-tour/lib/TourPopover.jsx","statementMap":{"0":{"start":{"line":5,"column":28},"end":{"line":16,"column":1}},"1":{"start":{"line":7,"column":4},"end":{"line":14,"column":5}},"2":{"start":{"line":19,"column":19},"end":{"line":19,"column":28}},"3":{"start":{"line":20,"column":15},"end":{"line":20,"column":36}},"4":{"start":{"line":22,"column":46},"end":{"line":22,"column":66}},"5":{"start":{"line":23,"column":44},"end":{"line":23,"column":58}},"6":{"start":{"line":25,"column":17},"end":{"line":42,"column":4}},"7":{"start":{"line":44,"column":2},"end":{"line":48,"column":21}},"8":{"start":{"line":45,"column":4},"end":{"line":47,"column":5}},"9":{"start":{"line":46,"column":6},"end":{"line":46,"column":50}},"10":{"start":{"line":50,"column":24},"end":{"line":57,"column":3}},"11":{"start":{"line":59,"column":24},"end":{"line":59,"column":28}},"12":{"start":{"line":60,"column":2},"end":{"line":64,"column":3}},"13":{"start":{"line":61,"column":4},"end":{"line":61,"column":92}},"14":{"start":{"line":62,"column":9},"end":{"line":64,"column":3}},"15":{"start":{"line":63,"column":4},"end":{"line":63,"column":55}},"16":{"start":{"line":66,"column":24},"end":{"line":71,"column":26}},"17":{"start":{"line":75,"column":2},"end":{"line":82,"column":3}}},"fnMap":{"0":{"name":"(anonymous_0)","decl":{"start":{"line":6,"column":2},"end":{"line":6,"column":3}},"loc":{"start":{"line":6,"column":26},"end":{"line":15,"column":3}},"line":6},"1":{"name":"(anonymous_1)","decl":{"start":{"line":18,"column":15},"end":{"line":18,"column":16}},"loc":{"start":{"line":18,"column":24},"end":{"line":83,"column":1}},"line":18},"2":{"name":"(anonymous_2)","decl":{"start":{"line":44,"column":12},"end":{"line":44,"column":13}},"loc":{"start":{"line":44,"column":18},"end":{"line":48,"column":3}},"line":44}},"branchMap":{"0":{"loc":{"start":{"line":25,"column":27},"end":{"line":25,"column":102}},"type":"cond-expr","locations":[{"start":{"line":25,"column":64},"end":{"line":25,"column":83}},{"start":{"line":25,"column":86},"end":{"line":25,"column":102}}],"line":25},"1":{"loc":{"start":{"line":38,"column":22},"end":{"line":38,"column":51}},"type":"binary-expr","locations":[{"start":{"line":38,"column":22},"end":{"line":38,"column":46}},{"start":{"line":38,"column":50},"end":{"line":38,"column":51}}],"line":38},"2":{"loc":{"start":{"line":45,"column":4},"end":{"line":47,"column":5}},"type":"if","locations":[{"start":{"line":45,"column":4},"end":{"line":47,"column":5}},{"start":{"line":45,"column":4},"end":{"line":47,"column":5}}],"line":45},"3":{"loc":{"start":{"line":60,"column":2},"end":{"line":64,"column":3}},"type":"if","locations":[{"start":{"line":60,"column":2},"end":{"line":64,"column":3}},{"start":{"line":60,"column":2},"end":{"line":64,"column":3}}],"line":60},"4":{"loc":{"start":{"line":62,"column":9},"end":{"line":64,"column":3}},"type":"if","locations":[{"start":{"line":62,"column":9},"end":{"line":64,"column":3}},{"start":{"line":62,"column":9},"end":{"line":64,"column":3}}],"line":62},"5":{"loc":{"start":{"line":66,"column":24},"end":{"line":71,"column":26}},"type":"cond-expr","locations":[{"start":{"line":66,"column":52},"end":{"line":71,"column":3}},{"start":{"line":71,"column":6},"end":{"line":71,"column":26}}],"line":66},"6":{"loc":{"start":{"line":77,"column":21},"end":{"line":77,"column":73}},"type":"binary-expr","locations":[{"start":{"line":77,"column":21},"end":{"line":77,"column":55}},{"start":{"line":77,"column":59},"end":{"line":77,"column":73}}],"line":77}},"s":{"0":2,"1":0,"2":0,"3":0,"4":0,"5":0,"6":0,"7":0,"8":0,"9":0,"10":0,"11":0,"12":0,"13":0,"14":0,"15":0,"16":0,"17":0},"f":{"0":0,"1":0,"2":0},"b":{"0":[0,0],"1":[0,0],"2":[0,0],"3":[0,0],"4":[0,0],"5":[0,0],"6":[0,0]},"_coverageSchema":"1a1c01bbd47fc00a2c39e90264f33305004495a9","hash":"5063995d5437bb55b4e2d50346787b4a3baf3859"}
,"/Users/ben.march/Projects/react-hook-tour/lib/TourProvider.jsx": {"path":"/Users/ben.march/Projects/react-hook-tour/lib/TourProvider.jsx","statementMap":{"0":{"start":{"line":6,"column":27},"end":{"line":6,"column":48}},"1":{"start":{"line":9,"column":25},"end":{"line":9,"column":56}},"2":{"start":{"line":10,"column":28},"end":{"line":10,"column":109}},"3":{"start":{"line":12,"column":2},"end":{"line":19,"column":3}}},"fnMap":{"0":{"name":"(anonymous_0)","decl":{"start":{"line":8,"column":15},"end":{"line":8,"column":16}},"loc":{"start":{"line":8,"column":24},"end":{"line":20,"column":1}},"line":8}},"branchMap":{"0":{"loc":{"start":{"line":10,"column":28},"end":{"line":10,"column":109}},"type":"binary-expr","locations":[{"start":{"line":10,"column":28},"end":{"line":10,"column":72}},{"start":{"line":10,"column":76},"end":{"line":10,"column":109}}],"line":10},"1":{"loc":{"start":{"line":16,"column":9},"end":{"line":16,"column":45}},"type":"binary-expr","locations":[{"start":{"line":16,"column":9},"end":{"line":16,"column":26}},{"start":{"line":16,"column":30},"end":{"line":16,"column":45}}],"line":16}},"s":{"0":3,"1":6,"2":6,"3":6},"f":{"0":6},"b":{"0":[6,2],"1":[6,1]},"_coverageSchema":"1a1c01bbd47fc00a2c39e90264f33305004495a9","hash":"477819cf328058d636d1815b86a707283f934d00"}
,"/Users/ben.march/Projects/react-hook-tour/lib/actions.js": {"path":"/Users/ben.march/Projects/react-hook-tour/lib/actions.js","statementMap":{"0":{"start":{"line":27,"column":23},"end":{"line":36,"column":3}},"1":{"start":{"line":28,"column":4},"end":{"line":30,"column":5}},"2":{"start":{"line":29,"column":6},"end":{"line":29,"column":44}},"3":{"start":{"line":32,"column":24},"end":{"line":32,"column":50}},"4":{"start":{"line":33,"column":4},"end":{"line":35,"column":5}},"5":{"start":{"line":34,"column":6},"end":{"line":34,"column":36}},"6":{"start":{"line":41,"column":16},"end":{"line":57,"column":3}},"7":{"start":{"line":42,"column":4},"end":{"line":56,"column":5}},"8":{"start":{"line":43,"column":6},"end":{"line":43,"column":35}},"9":{"start":{"line":45,"column":6},"end":{"line":51,"column":8}},"10":{"start":{"line":53,"column":6},"end":{"line":55,"column":8}},"11":{"start":{"line":62,"column":14},"end":{"line":70,"column":3}},"12":{"start":{"line":63,"column":4},"end":{"line":69,"column":5}},"13":{"start":{"line":64,"column":6},"end":{"line":64,"column":33}},"14":{"start":{"line":66,"column":6},"end":{"line":68,"column":8}},"15":{"start":{"line":75,"column":16},"end":{"line":83,"column":3}},"16":{"start":{"line":76,"column":4},"end":{"line":82,"column":5}},"17":{"start":{"line":77,"column":6},"end":{"line":77,"column":35}},"18":{"start":{"line":79,"column":6},"end":{"line":81,"column":8}},"19":{"start":{"line":88,"column":17},"end":{"line":96,"column":3}},"20":{"start":{"line":89,"column":4},"end":{"line":95,"column":5}},"21":{"start":{"line":90,"column":6},"end":{"line":90,"column":36}},"22":{"start":{"line":92,"column":6},"end":{"line":94,"column":8}},"23":{"start":{"line":101,"column":15},"end":{"line":113,"column":3}},"24":{"start":{"line":102,"column":4},"end":{"line":112,"column":5}},"25":{"start":{"line":103,"column":6},"end":{"line":103,"column":34}},"26":{"start":{"line":105,"column":6},"end":{"line":111,"column":8}},"27":{"start":{"line":118,"column":15},"end":{"line":130,"column":3}},"28":{"start":{"line":119,"column":4},"end":{"line":129,"column":5}},"29":{"start":{"line":120,"column":6},"end":{"line":120,"column":34}},"30":{"start":{"line":122,"column":6},"end":{"line":128,"column":8}},"31":{"start":{"line":137,"column":23},"end":{"line":142,"column":3}},"32":{"start":{"line":138,"column":4},"end":{"line":141,"column":6}},"33":{"start":{"line":148,"column":25},"end":{"line":153,"column":3}},"34":{"start":{"line":149,"column":4},"end":{"line":152,"column":6}},"35":{"start":{"line":162,"column":18},"end":{"line":169,"column":3}},"36":{"start":{"line":163,"column":4},"end":{"line":163,"column":37}},"37":{"start":{"line":165,"column":4},"end":{"line":168,"column":6}},"38":{"start":{"line":178,"column":21},"end":{"line":185,"column":3}},"39":{"start":{"line":179,"column":4},"end":{"line":179,"column":39}},"40":{"start":{"line":181,"column":4},"end":{"line":184,"column":6}},"41":{"start":{"line":194,"column":25},"end":{"line":199,"column":3}},"42":{"start":{"line":195,"column":4},"end":{"line":198,"column":6}},"43":{"start":{"line":208,"column":22},"end":{"line":213,"column":3}},"44":{"start":{"line":209,"column":4},"end":{"line":212,"column":6}},"45":{"start":{"line":222,"column":24},"end":{"line":227,"column":3}},"46":{"start":{"line":223,"column":4},"end":{"line":226,"column":6}},"47":{"start":{"line":229,"column":2},"end":{"line":243,"column":3}}},"fnMap":{"0":{"name":"(anonymous_0)","decl":{"start":{"line":20,"column":15},"end":{"line":20,"column":16}},"loc":{"start":{"line":20,"column":40},"end":{"line":244,"column":1}},"line":20},"1":{"name":"(anonymous_1)","decl":{"start":{"line":27,"column":23},"end":{"line":27,"column":24}},"loc":{"start":{"line":27,"column":42},"end":{"line":36,"column":3}},"line":27},"2":{"name":"(anonymous_2)","decl":{"start":{"line":41,"column":16},"end":{"line":41,"column":17}},"loc":{"start":{"line":41,"column":28},"end":{"line":57,"column":3}},"line":41},"3":{"name":"(anonymous_3)","decl":{"start":{"line":62,"column":14},"end":{"line":62,"column":15}},"loc":{"start":{"line":62,"column":26},"end":{"line":70,"column":3}},"line":62},"4":{"name":"(anonymous_4)","decl":{"start":{"line":75,"column":16},"end":{"line":75,"column":17}},"loc":{"start":{"line":75,"column":28},"end":{"line":83,"column":3}},"line":75},"5":{"name":"(anonymous_5)","decl":{"start":{"line":88,"column":17},"end":{"line":88,"column":18}},"loc":{"start":{"line":88,"column":29},"end":{"line":96,"column":3}},"line":88},"6":{"name":"(anonymous_6)","decl":{"start":{"line":101,"column":15},"end":{"line":101,"column":16}},"loc":{"start":{"line":101,"column":27},"end":{"line":113,"column":3}},"line":101},"7":{"name":"(anonymous_7)","decl":{"start":{"line":118,"column":15},"end":{"line":118,"column":16}},"loc":{"start":{"line":118,"column":27},"end":{"line":130,"column":3}},"line":118},"8":{"name":"(anonymous_8)","decl":{"start":{"line":137,"column":23},"end":{"line":137,"column":24}},"loc":{"start":{"line":137,"column":38},"end":{"line":142,"column":3}},"line":137},"9":{"name":"(anonymous_9)","decl":{"start":{"line":148,"column":25},"end":{"line":148,"column":26}},"loc":{"start":{"line":148,"column":42},"end":{"line":153,"column":3}},"line":148},"10":{"name":"(anonymous_10)","decl":{"start":{"line":162,"column":18},"end":{"line":162,"column":19}},"loc":{"start":{"line":162,"column":40},"end":{"line":169,"column":3}},"line":162},"11":{"name":"(anonymous_11)","decl":{"start":{"line":178,"column":21},"end":{"line":178,"column":22}},"loc":{"start":{"line":178,"column":43},"end":{"line":185,"column":3}},"line":178},"12":{"name":"(anonymous_12)","decl":{"start":{"line":194,"column":25},"end":{"line":194,"column":26}},"loc":{"start":{"line":194,"column":33},"end":{"line":199,"column":3}},"line":194},"13":{"name":"(anonymous_13)","decl":{"start":{"line":208,"column":22},"end":{"line":208,"column":23}},"loc":{"start":{"line":208,"column":34},"end":{"line":213,"column":3}},"line":208},"14":{"name":"(anonymous_14)","decl":{"start":{"line":222,"column":24},"end":{"line":222,"column":25}},"loc":{"start":{"line":222,"column":31},"end":{"line":227,"column":3}},"line":222}},"branchMap":{"0":{"loc":{"start":{"line":28,"column":4},"end":{"line":30,"column":5}},"type":"if","locations":[{"start":{"line":28,"column":4},"end":{"line":30,"column":5}},{"start":{"line":28,"column":4},"end":{"line":30,"column":5}}],"line":28},"1":{"loc":{"start":{"line":33,"column":4},"end":{"line":35,"column":5}},"type":"if","locations":[{"start":{"line":33,"column":4},"end":{"line":35,"column":5}},{"start":{"line":33,"column":4},"end":{"line":35,"column":5}}],"line":33},"2":{"loc":{"start":{"line":33,"column":8},"end":{"line":33,"column":45}},"type":"binary-expr","locations":[{"start":{"line":33,"column":8},"end":{"line":33,"column":19}},{"start":{"line":33,"column":23},"end":{"line":33,"column":45}}],"line":33},"3":{"loc":{"start":{"line":42,"column":4},"end":{"line":56,"column":5}},"type":"if","locations":[{"start":{"line":42,"column":4},"end":{"line":56,"column":5}},{"start":{"line":42,"column":4},"end":{"line":56,"column":5}}],"line":42},"4":{"loc":{"start":{"line":63,"column":4},"end":{"line":69,"column":5}},"type":"if","locations":[{"start":{"line":63,"column":4},"end":{"line":69,"column":5}},{"start":{"line":63,"column":4},"end":{"line":69,"column":5}}],"line":63},"5":{"loc":{"start":{"line":76,"column":4},"end":{"line":82,"column":5}},"type":"if","locations":[{"start":{"line":76,"column":4},"end":{"line":82,"column":5}},{"start":{"line":76,"column":4},"end":{"line":82,"column":5}}],"line":76},"6":{"loc":{"start":{"line":89,"column":4},"end":{"line":95,"column":5}},"type":"if","locations":[{"start":{"line":89,"column":4},"end":{"line":95,"column":5}},{"start":{"line":89,"column":4},"end":{"line":95,"column":5}}],"line":89},"7":{"loc":{"start":{"line":102,"column":4},"end":{"line":112,"column":5}},"type":"if","locations":[{"start":{"line":102,"column":4},"end":{"line":112,"column":5}},{"start":{"line":102,"column":4},"end":{"line":112,"column":5}}],"line":102},"8":{"loc":{"start":{"line":119,"column":4},"end":{"line":129,"column":5}},"type":"if","locations":[{"start":{"line":119,"column":4},"end":{"line":129,"column":5}},{"start":{"line":119,"column":4},"end":{"line":129,"column":5}}],"line":119}},"s":{"0":29,"1":17,"2":1,"3":17,"4":17,"5":3,"6":29,"7":4,"8":3,"9":3,"10":3,"11":29,"12":3,"13":2,"14":2,"15":29,"16":3,"17":2,"18":2,"19":29,"20":3,"21":2,"22":2,"23":29,"24":3,"25":2,"26":2,"27":29,"28":3,"29":2,"30":2,"31":29,"32":1,"33":29,"34":1,"35":29,"36":2,"37":2,"38":29,"39":2,"40":2,"41":29,"42":1,"43":29,"44":1,"45":29,"46":1,"47":29},"f":{"0":29,"1":17,"2":4,"3":3,"4":3,"5":3,"6":3,"7":3,"8":1,"9":1,"10":2,"11":2,"12":1,"13":1,"14":1},"b":{"0":[1,16],"1":[3,14],"2":[17,17],"3":[3,1],"4":[2,1],"5":[2,1],"6":[2,1],"7":[2,1],"8":[2,1]},"_coverageSchema":"1a1c01bbd47fc00a2c39e90264f33305004495a9","hash":"52c26603de4eac5f6ab8063cdab44763eb145be5"}
,"/Users/ben.march/Projects/react-hook-tour/lib/constants.js": {"path":"/Users/ben.march/Projects/react-hook-tour/lib/constants.js","statementMap":{"0":{"start":{"line":2,"column":21},"end":{"line":2,"column":28}},"1":{"start":{"line":3,"column":19},"end":{"line":3,"column":24}},"2":{"start":{"line":4,"column":21},"end":{"line":4,"column":28}},"3":{"start":{"line":5,"column":22},"end":{"line":5,"column":30}},"4":{"start":{"line":6,"column":32},"end":{"line":6,"column":50}},"5":{"start":{"line":7,"column":32},"end":{"line":7,"column":50}},"6":{"start":{"line":8,"column":24},"end":{"line":8,"column":34}},"7":{"start":{"line":9,"column":27},"end":{"line":9,"column":40}},"8":{"start":{"line":10,"column":25},"end":{"line":10,"column":36}},"9":{"start":{"line":11,"column":32},"end":{"line":11,"column":50}},"10":{"start":{"line":12,"column":24},"end":{"line":12,"column":34}},"11":{"start":{"line":13,"column":31},"end":{"line":13,"column":48}},"12":{"start":{"line":15,"column":26},"end":{"line":20,"column":1}}},"fnMap":{},"branchMap":{},"s":{"0":9,"1":9,"2":9,"3":9,"4":9,"5":9,"6":9,"7":9,"8":9,"9":9,"10":9,"11":9,"12":9},"f":{},"b":{},"_coverageSchema":"1a1c01bbd47fc00a2c39e90264f33305004495a9","hash":"5d89eb104f6883e484af0f9057bd434205618c40"}
,"/Users/ben.march/Projects/react-hook-tour/lib/reducer.js": {"path":"/Users/ben.march/Projects/react-hook-tour/lib/reducer.js","statementMap":{"0":{"start":{"line":17,"column":28},"end":{"line":30,"column":1}},"1":{"start":{"line":38,"column":16},"end":{"line":54,"column":1}},"2":{"start":{"line":39,"column":15},"end":{"line":39,"column":41}},"3":{"start":{"line":41,"column":2},"end":{"line":43,"column":3}},"4":{"start":{"line":42,"column":4},"end":{"line":42,"column":16}},"5":{"start":{"line":45,"column":2},"end":{"line":47,"column":3}},"6":{"start":{"line":46,"column":4},"end":{"line":46,"column":30}},"7":{"start":{"line":49,"column":2},"end":{"line":51,"column":3}},"8":{"start":{"line":50,"column":4},"end":{"line":50,"column":23}},"9":{"start":{"line":53,"column":2},"end":{"line":53,"column":14}},"10":{"start":{"line":57,"column":2},"end":{"line":158,"column":3}},"11":{"start":{"line":59,"column":23},"end":{"line":65,"column":7}},"12":{"start":{"line":67,"column":6},"end":{"line":70,"column":7}},"13":{"start":{"line":68,"column":8},"end":{"line":68,"column":39}},"14":{"start":{"line":69,"column":8},"end":{"line":69,"column":32}},"15":{"start":{"line":72,"column":6},"end":{"line":72,"column":21}},"16":{"start":{"line":75,"column":6},"end":{"line":75,"column":42}},"17":{"start":{"line":76,"column":6},"end":{"line":76,"column":18}},"18":{"start":{"line":79,"column":6},"end":{"line":83,"column":7}},"19":{"start":{"line":86,"column":6},"end":{"line":94,"column":7}},"20":{"start":{"line":97,"column":6},"end":{"line":101,"column":7}},"21":{"start":{"line":104,"column":6},"end":{"line":108,"column":7}},"22":{"start":{"line":111,"column":6},"end":{"line":119,"column":7}},"23":{"start":{"line":122,"column":6},"end":{"line":125,"column":7}},"24":{"start":{"line":128,"column":6},"end":{"line":131,"column":7}},"25":{"start":{"line":134,"column":6},"end":{"line":140,"column":7}},"26":{"start":{"line":143,"column":6},"end":{"line":147,"column":7}},"27":{"start":{"line":150,"column":6},"end":{"line":153,"column":7}},"28":{"start":{"line":156,"column":6},"end":{"line":156,"column":18}},"29":{"start":{"line":161,"column":33},"end":{"line":174,"column":2}},"30":{"start":{"line":161,"column":45},"end":{"line":174,"column":1}},"31":{"start":{"line":162,"column":18},"end":{"line":162,"column":29}},"32":{"start":{"line":163,"column":24},"end":{"line":163,"column":41}},"33":{"start":{"line":164,"column":32},"end":{"line":164,"column":57}},"34":{"start":{"line":165,"column":24},"end":{"line":165,"column":41}},"35":{"start":{"line":166,"column":22},"end":{"line":166,"column":37}},"36":{"start":{"line":167,"column":19},"end":{"line":167,"column":31}},"37":{"start":{"line":168,"column":21},"end":{"line":168,"column":38}},"38":{"start":{"line":169,"column":25},"end":{"line":169,"column":42}},"39":{"start":{"line":170,"column":29},"end":{"line":170,"column":44}},"40":{"start":{"line":171,"column":24},"end":{"line":171,"column":41}},"41":{"start":{"line":172,"column":23},"end":{"line":172,"column":39}},"42":{"start":{"line":173,"column":20},"end":{"line":173,"column":30}}},"fnMap":{"0":{"name":"(anonymous_0)","decl":{"start":{"line":38,"column":16},"end":{"line":38,"column":17}},"loc":{"start":{"line":38,"column":38},"end":{"line":54,"column":1}},"line":38},"1":{"name":"(anonymous_1)","decl":{"start":{"line":56,"column":15},"end":{"line":56,"column":16}},"loc":{"start":{"line":56,"column":34},"end":{"line":159,"column":1}},"line":56},"2":{"name":"(anonymous_2)","decl":{"start":{"line":161,"column":33},"end":{"line":161,"column":34}},"loc":{"start":{"line":161,"column":45},"end":{"line":174,"column":1}},"line":161},"3":{"name":"(anonymous_3)","decl":{"start":{"line":162,"column":12},"end":{"line":162,"column":13}},"loc":{"start":{"line":162,"column":18},"end":{"line":162,"column":29}},"line":162},"4":{"name":"(anonymous_4)","decl":{"start":{"line":163,"column":18},"end":{"line":163,"column":19}},"loc":{"start":{"line":163,"column":24},"end":{"line":163,"column":41}},"line":163},"5":{"name":"(anonymous_5)","decl":{"start":{"line":164,"column":26},"end":{"line":164,"column":27}},"loc":{"start":{"line":164,"column":32},"end":{"line":164,"column":57}},"line":164},"6":{"name":"(anonymous_6)","decl":{"start":{"line":165,"column":18},"end":{"line":165,"column":19}},"loc":{"start":{"line":165,"column":24},"end":{"line":165,"column":41}},"line":165},"7":{"name":"(anonymous_7)","decl":{"start":{"line":166,"column":16},"end":{"line":166,"column":17}},"loc":{"start":{"line":166,"column":22},"end":{"line":166,"column":37}},"line":166},"8":{"name":"(anonymous_8)","decl":{"start":{"line":167,"column":13},"end":{"line":167,"column":14}},"loc":{"start":{"line":167,"column":19},"end":{"line":167,"column":31}},"line":167},"9":{"name":"(anonymous_9)","decl":{"start":{"line":168,"column":15},"end":{"line":168,"column":16}},"loc":{"start":{"line":168,"column":21},"end":{"line":168,"column":38}},"line":168},"10":{"name":"(anonymous_10)","decl":{"start":{"line":169,"column":19},"end":{"line":169,"column":20}},"loc":{"start":{"line":169,"column":25},"end":{"line":169,"column":42}},"line":169},"11":{"name":"(anonymous_11)","decl":{"start":{"line":170,"column":23},"end":{"line":170,"column":24}},"loc":{"start":{"line":170,"column":29},"end":{"line":170,"column":44}},"line":170},"12":{"name":"(anonymous_12)","decl":{"start":{"line":171,"column":18},"end":{"line":171,"column":19}},"loc":{"start":{"line":171,"column":24},"end":{"line":171,"column":41}},"line":171},"13":{"name":"(anonymous_13)","decl":{"start":{"line":172,"column":17},"end":{"line":172,"column":18}},"loc":{"start":{"line":172,"column":23},"end":{"line":172,"column":39}},"line":172},"14":{"name":"(anonymous_14)","decl":{"start":{"line":173,"column":13},"end":{"line":173,"column":14}},"loc":{"start":{"line":173,"column":20},"end":{"line":173,"column":30}},"line":173}},"branchMap":{"0":{"loc":{"start":{"line":41,"column":2},"end":{"line":43,"column":3}},"type":"if","locations":[{"start":{"line":41,"column":2},"end":{"line":43,"column":3}},{"start":{"line":41,"column":2},"end":{"line":43,"column":3}}],"line":41},"1":{"loc":{"start":{"line":45,"column":2},"end":{"line":47,"column":3}},"type":"if","locations":[{"start":{"line":45,"column":2},"end":{"line":47,"column":3}},{"start":{"line":45,"column":2},"end":{"line":47,"column":3}}],"line":45},"2":{"loc":{"start":{"line":49,"column":2},"end":{"line":51,"column":3}},"type":"if","locations":[{"start":{"line":49,"column":2},"end":{"line":51,"column":3}},{"start":{"line":49,"column":2},"end":{"line":51,"column":3}}],"line":49},"3":{"loc":{"start":{"line":57,"column":2},"end":{"line":158,"column":3}},"type":"switch","locations":[{"start":{"line":58,"column":4},"end":{"line":73,"column":5}},{"start":{"line":74,"column":4},"end":{"line":77,"column":5}},{"start":{"line":78,"column":4},"end":{"line":84,"column":5}},{"start":{"line":85,"column":4},"end":{"line":95,"column":5}},{"start":{"line":96,"column":4},"end":{"line":102,"column":5}},{"start":{"line":103,"column":4},"end":{"line":109,"column":5}},{"start":{"line":110,"column":4},"end":{"line":120,"column":5}},{"start":{"line":121,"column":4},"end":{"line":126,"column":5}},{"start":{"line":127,"column":4},"end":{"line":132,"column":5}},{"start":{"line":133,"column":4},"end":{"line":141,"column":5}},{"start":{"line":142,"column":4},"end":{"line":148,"column":5}},{"start":{"line":149,"column":4},"end":{"line":154,"column":5}},{"start":{"line":155,"column":4},"end":{"line":157,"column":5}}],"line":57},"4":{"loc":{"start":{"line":67,"column":6},"end":{"line":70,"column":7}},"type":"if","locations":[{"start":{"line":67,"column":6},"end":{"line":70,"column":7}},{"start":{"line":67,"column":6},"end":{"line":70,"column":7}}],"line":67}},"s":{"0":4,"1":4,"2":18,"3":18,"4":4,"5":14,"6":10,"7":4,"8":4,"9":0,"10":23,"11":2,"12":2,"13":1,"14":1,"15":2,"16":2,"17":2,"18":1,"19":1,"20":1,"21":1,"22":9,"23":1,"24":1,"25":1,"26":1,"27":1,"28":1,"29":4,"30":12,"31":1,"32":1,"33":1,"34":1,"35":1,"36":1,"37":1,"38":1,"39":1,"40":1,"41":1,"42":1},"f":{"0":18,"1":23,"2":12,"3":1,"4":1,"5":1,"6":1,"7":1,"8":1,"9":1,"10":1,"11":1,"12":1,"13":1,"14":1},"b":{"0":[4,14],"1":[10,4],"2":[4,0],"3":[2,2,1,1,1,1,9,1,1,1,1,1,1],"4":[1,1]},"_coverageSchema":"1a1c01bbd47fc00a2c39e90264f33305004495a9","hash":"ac705ca11dd92dc274c1457e42e9ed18cab629f2"}
,"/Users/ben.march/Projects/react-hook-tour/lib/smartScroll.js": {"path":"/Users/ben.march/Projects/react-hook-tour/lib/smartScroll.js","statementMap":{"0":{"start":{"line":1,"column":32},"end":{"line":1,"column":82}},"1":{"start":{"line":4,"column":28},"end":{"line":4,"column":35}},"2":{"start":{"line":5,"column":23},"end":{"line":13,"column":3}},"3":{"start":{"line":6,"column":21},"end":{"line":6,"column":52}},"4":{"start":{"line":7,"column":4},"end":{"line":12,"column":5}},"5":{"start":{"line":16,"column":2},"end":{"line":18,"column":3}},"6":{"start":{"line":17,"column":4},"end":{"line":17,"column":10}},"7":{"start":{"line":20,"column":28},"end":{"line":20,"column":68}},"8":{"start":{"line":21,"column":26},"end":{"line":21,"column":64}},"9":{"start":{"line":24,"column":24},"end":{"line":29,"column":3}},"10":{"start":{"line":31,"column":19},"end":{"line":35,"column":3}},"11":{"start":{"line":38,"column":2},"end":{"line":42,"column":3}},"12":{"start":{"line":39,"column":4},"end":{"line":39,"column":44}},"13":{"start":{"line":40,"column":9},"end":{"line":42,"column":3}},"14":{"start":{"line":41,"column":4},"end":{"line":41,"column":36}},"15":{"start":{"line":44,"column":2},"end":{"line":48,"column":3}},"16":{"start":{"line":45,"column":4},"end":{"line":45,"column":44}},"17":{"start":{"line":46,"column":9},"end":{"line":48,"column":3}},"18":{"start":{"line":47,"column":4},"end":{"line":47,"column":38}},"19":{"start":{"line":51,"column":2},"end":{"line":57,"column":3}},"20":{"start":{"line":52,"column":4},"end":{"line":56,"column":5}},"21":{"start":{"line":53,"column":6},"end":{"line":53,"column":31}},"22":{"start":{"line":55,"column":6},"end":{"line":55,"column":50}}},"fnMap":{"0":{"name":"(anonymous_0)","decl":{"start":{"line":3,"column":15},"end":{"line":3,"column":16}},"loc":{"start":{"line":3,"column":67},"end":{"line":58,"column":1}},"line":3},"1":{"name":"(anonymous_1)","decl":{"start":{"line":5,"column":23},"end":{"line":5,"column":24}},"loc":{"start":{"line":5,"column":34},"end":{"line":13,"column":3}},"line":5}},"branchMap":{"0":{"loc":{"start":{"line":3,"column":50},"end":{"line":3,"column":62}},"type":"default-arg","locations":[{"start":{"line":3,"column":60},"end":{"line":3,"column":62}}],"line":3},"1":{"loc":{"start":{"line":8,"column":8},"end":{"line":11,"column":107}},"type":"binary-expr","locations":[{"start":{"line":8,"column":8},"end":{"line":8,"column":45}},{"start":{"line":9,"column":8},"end":{"line":9,"column":47}},{"start":{"line":10,"column":8},"end":{"line":10,"column":111}},{"start":{"line":11,"column":8},"end":{"line":11,"column":107}}],"line":8},"2":{"loc":{"start":{"line":10,"column":28},"end":{"line":10,"column":87}},"type":"binary-expr","locations":[{"start":{"line":10,"column":28},"end":{"line":10,"column":46}},{"start":{"line":10,"column":50},"end":{"line":10,"column":87}}],"line":10},"3":{"loc":{"start":{"line":11,"column":27},"end":{"line":11,"column":84}},"type":"binary-expr","locations":[{"start":{"line":11,"column":27},"end":{"line":11,"column":44}},{"start":{"line":11,"column":48},"end":{"line":11,"column":84}}],"line":11},"4":{"loc":{"start":{"line":16,"column":2},"end":{"line":18,"column":3}},"type":"if","locations":[{"start":{"line":16,"column":2},"end":{"line":18,"column":3}},{"start":{"line":16,"column":2},"end":{"line":18,"column":3}}],"line":16},"5":{"loc":{"start":{"line":16,"column":6},"end":{"line":16,"column":68}},"type":"binary-expr","locations":[{"start":{"line":16,"column":6},"end":{"line":16,"column":36}},{"start":{"line":16,"column":40},"end":{"line":16,"column":68}}],"line":16},"6":{"loc":{"start":{"line":27,"column":13},"end":{"line":27,"column":72}},"type":"binary-expr","locations":[{"start":{"line":27,"column":13},"end":{"line":27,"column":31}},{"start":{"line":27,"column":35},"end":{"line":27,"column":72}}],"line":27},"7":{"loc":{"start":{"line":28,"column":12},"end":{"line":28,"column":69}},"type":"binary-expr","locations":[{"start":{"line":28,"column":12},"end":{"line":28,"column":29}},{"start":{"line":28,"column":33},"end":{"line":28,"column":69}}],"line":28},"8":{"loc":{"start":{"line":38,"column":2},"end":{"line":42,"column":3}},"type":"if","locations":[{"start":{"line":38,"column":2},"end":{"line":42,"column":3}},{"start":{"line":38,"column":2},"end":{"line":42,"column":3}}],"line":38},"9":{"loc":{"start":{"line":40,"column":9},"end":{"line":42,"column":3}},"type":"if","locations":[{"start":{"line":40,"column":9},"end":{"line":42,"column":3}},{"start":{"line":40,"column":9},"end":{"line":42,"column":3}}],"line":40},"10":{"loc":{"start":{"line":44,"column":2},"end":{"line":48,"column":3}},"type":"if","locations":[{"start":{"line":44,"column":2},"end":{"line":48,"column":3}},{"start":{"line":44,"column":2},"end":{"line":48,"column":3}}],"line":44},"11":{"loc":{"start":{"line":46,"column":9},"end":{"line":48,"column":3}},"type":"if","locations":[{"start":{"line":46,"column":9},"end":{"line":48,"column":3}},{"start":{"line":46,"column":9},"end":{"line":48,"column":3}}],"line":46},"12":{"loc":{"start":{"line":51,"column":2},"end":{"line":57,"column":3}},"type":"if","locations":[{"start":{"line":51,"column":2},"end":{"line":57,"column":3}},{"start":{"line":51,"column":2},"end":{"line":57,"column":3}}],"line":51},"13":{"loc":{"start":{"line":51,"column":6},"end":{"line":51,"column":47}},"type":"binary-expr","locations":[{"start":{"line":51,"column":6},"end":{"line":51,"column":24}},{"start":{"line":51,"column":28},"end":{"line":51,"column":47}}],"line":51},"14":{"loc":{"start":{"line":52,"column":4},"end":{"line":56,"column":5}},"type":"if","locations":[{"start":{"line":52,"column":4},"end":{"line":56,"column":5}},{"start":{"line":52,"column":4},"end":{"line":56,"column":5}}],"line":52}},"s":{"0":3,"1":0,"2":0,"3":0,"4":0,"5":0,"6":0,"7":0,"8":0,"9":0,"10":0,"11":0,"12":0,"13":0,"14":0,"15":0,"16":0,"17":0,"18":0,"19":0,"20":0,"21":0,"22":0},"f":{"0":0,"1":0},"b":{"0":[0],"1":[0,0,0,0],"2":[0,0],"3":[0,0],"4":[0,0],"5":[0,0],"6":[0,0],"7":[0,0],"8":[0,0],"9":[0,0],"10":[0,0],"11":[0,0],"12":[0,0],"13":[0,0],"14":[0,0]},"_coverageSchema":"1a1c01bbd47fc00a2c39e90264f33305004495a9","hash":"0384c4fa48ba4ccad8a11335b99b12269c2a3ec0"}
,"/Users/ben.march/Projects/react-hook-tour/lib/useBackdrop.js": {"path":"/Users/ben.march/Projects/react-hook-tour/lib/useBackdrop.js","statementMap":{"0":{"start":{"line":10,"column":28},"end":{"line":10,"column":42}},"1":{"start":{"line":12,"column":2},"end":{"line":31,"column":12}},"2":{"start":{"line":13,"column":4},"end":{"line":23,"column":5}},"3":{"start":{"line":14,"column":6},"end":{"line":22,"column":8}},"4":{"start":{"line":15,"column":21},"end":{"line":15,"column":45}},"5":{"start":{"line":16,"column":8},"end":{"line":19,"column":9}},"6":{"start":{"line":17,"column":23},"end":{"line":17,"column":47}},"7":{"start":{"line":18,"column":10},"end":{"line":18,"column":23}},"8":{"start":{"line":25,"column":4},"end":{"line":30,"column":5}},"9":{"start":{"line":26,"column":6},"end":{"line":29,"column":7}},"10":{"start":{"line":27,"column":8},"end":{"line":27,"column":22}},"11":{"start":{"line":28,"column":8},"end":{"line":28,"column":21}},"12":{"start":{"line":33,"column":2},"end":{"line":33,"column":13}}},"fnMap":{"0":{"name":"(anonymous_0)","decl":{"start":{"line":9,"column":15},"end":{"line":9,"column":16}},"loc":{"start":{"line":9,"column":33},"end":{"line":34,"column":1}},"line":9},"1":{"name":"(anonymous_1)","decl":{"start":{"line":12,"column":12},"end":{"line":12,"column":13}},"loc":{"start":{"line":12,"column":18},"end":{"line":31,"column":3}},"line":12},"2":{"name":"(anonymous_2)","decl":{"start":{"line":14,"column":26},"end":{"line":14,"column":27}},"loc":{"start":{"line":14,"column":36},"end":{"line":20,"column":7}},"line":14},"3":{"name":"(anonymous_3)","decl":{"start":{"line":20,"column":15},"end":{"line":20,"column":16}},"loc":{"start":{"line":20,"column":20},"end":{"line":22,"column":7}},"line":20},"4":{"name":"(anonymous_4)","decl":{"start":{"line":25,"column":11},"end":{"line":25,"column":12}},"loc":{"start":{"line":25,"column":17},"end":{"line":30,"column":5}},"line":25}},"branchMap":{"0":{"loc":{"start":{"line":13,"column":4},"end":{"line":23,"column":5}},"type":"if","locations":[{"start":{"line":13,"column":4},"end":{"line":23,"column":5}},{"start":{"line":13,"column":4},"end":{"line":23,"column":5}}],"line":13},"1":{"loc":{"start":{"line":15,"column":21},"end":{"line":15,"column":45}},"type":"binary-expr","locations":[{"start":{"line":15,"column":21},"end":{"line":15,"column":35}},{"start":{"line":15,"column":39},"end":{"line":15,"column":45}}],"line":15},"2":{"loc":{"start":{"line":16,"column":8},"end":{"line":19,"column":9}},"type":"if","locations":[{"start":{"line":16,"column":8},"end":{"line":19,"column":9}},{"start":{"line":16,"column":8},"end":{"line":19,"column":9}}],"line":16},"3":{"loc":{"start":{"line":26,"column":6},"end":{"line":29,"column":7}},"type":"if","locations":[{"start":{"line":26,"column":6},"end":{"line":29,"column":7}},{"start":{"line":26,"column":6},"end":{"line":29,"column":7}}],"line":26},"4":{"loc":{"start":{"line":26,"column":10},"end":{"line":26,"column":45}},"type":"binary-expr","locations":[{"start":{"line":26,"column":10},"end":{"line":26,"column":14}},{"start":{"line":26,"column":18},"end":{"line":26,"column":45}}],"line":26}},"s":{"0":4,"1":4,"2":4,"3":2,"4":2,"5":2,"6":2,"7":2,"8":4,"9":4,"10":2,"11":2,"12":4},"f":{"0":4,"1":4,"2":2,"3":0,"4":4},"b":{"0":[2,2],"1":[2,0],"2":[2,0],"3":[2,2],"4":[4,2]},"_coverageSchema":"1a1c01bbd47fc00a2c39e90264f33305004495a9","hash":"fd472c072e47ceceed4f4d377c62bf182fba677d"}
,"/Users/ben.march/Projects/react-hook-tour/lib/useStepChange.js": {"path":"/Users/ben.march/Projects/react-hook-tour/lib/useStepChange.js","statementMap":{"0":{"start":{"line":12,"column":19},"end":{"line":15,"column":4}},"1":{"start":{"line":17,"column":2},"end":{"line":96,"column":4}},"2":{"start":{"line":18,"column":4},"end":{"line":88,"column":8}},"3":{"start":{"line":19,"column":21},"end":{"line":19,"column":37}},"4":{"start":{"line":20,"column":20},"end":{"line":20,"column":35}},"5":{"start":{"line":21,"column":26},"end":{"line":21,"column":47}},"6":{"start":{"line":22,"column":27},"end":{"line":22,"column":56}},"7":{"start":{"line":23,"column":26},"end":{"line":23,"column":47}},"8":{"start":{"line":24,"column":24},"end":{"line":24,"column":43}},"9":{"start":{"line":25,"column":25},"end":{"line":25,"column":51}},"10":{"start":{"line":28,"column":6},"end":{"line":30,"column":7}},"11":{"start":{"line":29,"column":8},"end":{"line":29,"column":48}},"12":{"start":{"line":33,"column":6},"end":{"line":35,"column":7}},"13":{"start":{"line":34,"column":8},"end":{"line":34,"column":23}},"14":{"start":{"line":38,"column":6},"end":{"line":51,"column":7}},"15":{"start":{"line":39,"column":25},"end":{"line":39,"column":47}},"16":{"start":{"line":41,"column":8},"end":{"line":50,"column":9}},"17":{"start":{"line":42,"column":10},"end":{"line":49,"column":11}},"18":{"start":{"line":43,"column":12},"end":{"line":43,"column":48}},"19":{"start":{"line":44,"column":17},"end":{"line":49,"column":11}},"20":{"start":{"line":45,"column":12},"end":{"line":45,"column":53}},"21":{"start":{"line":46,"column":17},"end":{"line":49,"column":11}},"22":{"start":{"line":47,"column":12},"end":{"line":47,"column":43}},"23":{"start":{"line":48,"column":12},"end":{"line":48,"column":32}},"24":{"start":{"line":54,"column":6},"end":{"line":82,"column":7}},"25":{"start":{"line":55,"column":8},"end":{"line":57,"column":9}},"26":{"start":{"line":56,"column":10},"end":{"line":56,"column":49}},"27":{"start":{"line":60,"column":8},"end":{"line":64,"column":9}},"28":{"start":{"line":61,"column":10},"end":{"line":63,"column":12}},"29":{"start":{"line":67,"column":8},"end":{"line":81,"column":9}},"30":{"start":{"line":68,"column":10},"end":{"line":78,"column":11}},"31":{"start":{"line":69,"column":12},"end":{"line":72,"column":14}},"32":{"start":{"line":74,"column":12},"end":{"line":77,"column":14}},"33":{"start":{"line":79,"column":10},"end":{"line":79,"column":52}},"34":{"start":{"line":80,"column":10},"end":{"line":80,"column":25}},"35":{"start":{"line":85,"column":6},"end":{"line":87,"column":7}},"36":{"start":{"line":86,"column":8},"end":{"line":86,"column":23}}},"fnMap":{"0":{"name":"(anonymous_0)","decl":{"start":{"line":11,"column":15},"end":{"line":11,"column":16}},"loc":{"start":{"line":11,"column":23},"end":{"line":97,"column":1}},"line":11},"1":{"name":"(anonymous_1)","decl":{"start":{"line":17,"column":12},"end":{"line":17,"column":13}},"loc":{"start":{"line":17,"column":18},"end":{"line":89,"column":3}},"line":17},"2":{"name":"(anonymous_2)","decl":{"start":{"line":18,"column":5},"end":{"line":18,"column":6}},"loc":{"start":{"line":18,"column":17},"end":{"line":88,"column":5}},"line":18}},"branchMap":{"0":{"loc":{"start":{"line":14,"column":17},"end":{"line":14,"column":71}},"type":"binary-expr","locations":[{"start":{"line":14,"column":17},"end":{"line":14,"column":52}},{"start":{"line":14,"column":56},"end":{"line":14,"column":71}}],"line":14},"1":{"loc":{"start":{"line":25,"column":25},"end":{"line":25,"column":51}},"type":"binary-expr","locations":[{"start":{"line":25,"column":25},"end":{"line":25,"column":45}},{"start":{"line":25,"column":49},"end":{"line":25,"column":51}}],"line":25},"2":{"loc":{"start":{"line":28,"column":6},"end":{"line":30,"column":7}},"type":"if","locations":[{"start":{"line":28,"column":6},"end":{"line":30,"column":7}},{"start":{"line":28,"column":6},"end":{"line":30,"column":7}}],"line":28},"3":{"loc":{"start":{"line":28,"column":10},"end":{"line":28,"column":74}},"type":"binary-expr","locations":[{"start":{"line":28,"column":10},"end":{"line":28,"column":22}},{"start":{"line":28,"column":26},"end":{"line":28,"column":58}},{"start":{"line":28,"column":62},"end":{"line":28,"column":74}}],"line":28},"4":{"loc":{"start":{"line":33,"column":6},"end":{"line":35,"column":7}},"type":"if","locations":[{"start":{"line":33,"column":6},"end":{"line":35,"column":7}},{"start":{"line":33,"column":6},"end":{"line":35,"column":7}}],"line":33},"5":{"loc":{"start":{"line":33,"column":10},"end":{"line":33,"column":119}},"type":"binary-expr","locations":[{"start":{"line":33,"column":10},"end":{"line":33,"column":22}},{"start":{"line":33,"column":26},"end":{"line":33,"column":37}},{"start":{"line":33,"column":41},"end":{"line":33,"column":78}},{"start":{"line":33,"column":82},"end":{"line":33,"column":119}}],"line":33},"6":{"loc":{"start":{"line":38,"column":6},"end":{"line":51,"column":7}},"type":"if","locations":[{"start":{"line":38,"column":6},"end":{"line":51,"column":7}},{"start":{"line":38,"column":6},"end":{"line":51,"column":7}}],"line":38},"7":{"loc":{"start":{"line":38,"column":10},"end":{"line":38,"column":50}},"type":"binary-expr","locations":[{"start":{"line":38,"column":10},"end":{"line":38,"column":34}},{"start":{"line":38,"column":38},"end":{"line":38,"column":50}}],"line":38},"8":{"loc":{"start":{"line":41,"column":8},"end":{"line":50,"column":9}},"type":"if","locations":[{"start":{"line":41,"column":8},"end":{"line":50,"column":9}},{"start":{"line":41,"column":8},"end":{"line":50,"column":9}}],"line":41},"9":{"loc":{"start":{"line":42,"column":10},"end":{"line":49,"column":11}},"type":"if","locations":[{"start":{"line":42,"column":10},"end":{"line":49,"column":11}},{"start":{"line":42,"column":10},"end":{"line":49,"column":11}}],"line":42},"10":{"loc":{"start":{"line":44,"column":17},"end":{"line":49,"column":11}},"type":"if","locations":[{"start":{"line":44,"column":17},"end":{"line":49,"column":11}},{"start":{"line":44,"column":17},"end":{"line":49,"column":11}}],"line":44},"11":{"loc":{"start":{"line":46,"column":17},"end":{"line":49,"column":11}},"type":"if","locations":[{"start":{"line":46,"column":17},"end":{"line":49,"column":11}},{"start":{"line":46,"column":17},"end":{"line":49,"column":11}}],"line":46},"12":{"loc":{"start":{"line":54,"column":6},"end":{"line":82,"column":7}},"type":"if","locations":[{"start":{"line":54,"column":6},"end":{"line":82,"column":7}},{"start":{"line":54,"column":6},"end":{"line":82,"column":7}}],"line":54},"13":{"loc":{"start":{"line":54,"column":10},"end":{"line":54,"column":49}},"type":"binary-expr","locations":[{"start":{"line":54,"column":10},"end":{"line":54,"column":21}},{"start":{"line":54,"column":25},"end":{"line":54,"column":49}}],"line":54},"14":{"loc":{"start":{"line":55,"column":8},"end":{"line":57,"column":9}},"type":"if","locations":[{"start":{"line":55,"column":8},"end":{"line":57,"column":9}},{"start":{"line":55,"column":8},"end":{"line":57,"column":9}}],"line":55},"15":{"loc":{"start":{"line":60,"column":8},"end":{"line":64,"column":9}},"type":"if","locations":[{"start":{"line":60,"column":8},"end":{"line":64,"column":9}},{"start":{"line":60,"column":8},"end":{"line":64,"column":9}}],"line":60},"16":{"loc":{"start":{"line":60,"column":12},"end":{"line":60,"column":57}},"type":"binary-expr","locations":[{"start":{"line":60,"column":12},"end":{"line":60,"column":35}},{"start":{"line":60,"column":39},"end":{"line":60,"column":57}}],"line":60},"17":{"loc":{"start":{"line":67,"column":8},"end":{"line":81,"column":9}},"type":"if","locations":[{"start":{"line":67,"column":8},"end":{"line":81,"column":9}},{"start":{"line":67,"column":8},"end":{"line":81,"column":9}}],"line":67},"18":{"loc":{"start":{"line":67,"column":12},"end":{"line":67,"column":87}},"type":"binary-expr","locations":[{"start":{"line":67,"column":12},"end":{"line":67,"column":20}},{"start":{"line":67,"column":24},"end":{"line":67,"column":60}},{"start":{"line":67,"column":64},"end":{"line":67,"column":87}}],"line":67},"19":{"loc":{"start":{"line":68,"column":10},"end":{"line":78,"column":11}},"type":"if","locations":[{"start":{"line":68,"column":10},"end":{"line":78,"column":11}},{"start":{"line":68,"column":10},"end":{"line":78,"column":11}}],"line":68},"20":{"loc":{"start":{"line":71,"column":27},"end":{"line":71,"column":88}},"type":"binary-expr","locations":[{"start":{"line":71,"column":27},"end":{"line":71,"column":69}},{"start":{"line":71,"column":73},"end":{"line":71,"column":88}}],"line":71},"21":{"loc":{"start":{"line":76,"column":27},"end":{"line":76,"column":88}},"type":"binary-expr","locations":[{"start":{"line":76,"column":27},"end":{"line":76,"column":69}},{"start":{"line":76,"column":73},"end":{"line":76,"column":88}}],"line":76},"22":{"loc":{"start":{"line":85,"column":6},"end":{"line":87,"column":7}},"type":"if","locations":[{"start":{"line":85,"column":6},"end":{"line":87,"column":7}},{"start":{"line":85,"column":6},"end":{"line":87,"column":7}}],"line":85},"23":{"loc":{"start":{"line":85,"column":10},"end":{"line":85,"column":46}},"type":"binary-expr","locations":[{"start":{"line":85,"column":10},"end":{"line":85,"column":34}},{"start":{"line":85,"column":38},"end":{"line":85,"column":46}}],"line":85}},"s":{"0":0,"1":0,"2":0,"3":0,"4":0,"5":0,"6":0,"7":0,"8":0,"9":0,"10":0,"11":0,"12":0,"13":0,"14":0,"15":0,"16":0,"17":0,"18":0,"19":0,"20":0,"21":0,"22":0,"23":0,"24":0,"25":0,"26":0,"27":0,"28":0,"29":0,"30":0,"31":0,"32":0,"33":0,"34":0,"35":0,"36":0},"f":{"0":0,"1":0,"2":0},"b":{"0":[0,0],"1":[0,0],"2":[0,0],"3":[0,0,0],"4":[0,0],"5":[0,0,0,0],"6":[0,0],"7":[0,0],"8":[0,0],"9":[0,0],"10":[0,0],"11":[0,0],"12":[0,0],"13":[0,0],"14":[0,0],"15":[0,0],"16":[0,0],"17":[0,0],"18":[0,0,0],"19":[0,0],"20":[0,0],"21":[0,0],"22":[0,0],"23":[0,0]},"_coverageSchema":"1a1c01bbd47fc00a2c39e90264f33305004495a9","hash":"912ba202453077491975277e0a3ce95477a53c09"}
,"/Users/ben.march/Projects/react-hook-tour/lib/useTour.js": {"path":"/Users/ben.march/Projects/react-hook-tour/lib/useTour.js","statementMap":{"0":{"start":{"line":8,"column":27},"end":{"line":24,"column":1}},"1":{"start":{"line":8,"column":35},"end":{"line":24,"column":1}},"2":{"start":{"line":9,"column":18},"end":{"line":9,"column":30}},"3":{"start":{"line":10,"column":2},"end":{"line":10,"column":26}},"4":{"start":{"line":11,"column":2},"end":{"line":13,"column":3}},"5":{"start":{"line":12,"column":4},"end":{"line":12,"column":49}},"6":{"start":{"line":15,"column":2},"end":{"line":21,"column":8}},"7":{"start":{"line":16,"column":4},"end":{"line":16,"column":28}},"8":{"start":{"line":18,"column":4},"end":{"line":20,"column":5}},"9":{"start":{"line":19,"column":6},"end":{"line":19,"column":33}},"10":{"start":{"line":23,"column":2},"end":{"line":23,"column":16}},"11":{"start":{"line":31,"column":15},"end":{"line":31,"column":38}},"12":{"start":{"line":33,"column":2},"end":{"line":36,"column":3}}},"fnMap":{"0":{"name":"(anonymous_0)","decl":{"start":{"line":8,"column":27},"end":{"line":8,"column":28}},"loc":{"start":{"line":8,"column":35},"end":{"line":24,"column":1}},"line":8},"1":{"name":"(anonymous_1)","decl":{"start":{"line":8,"column":35},"end":{"line":8,"column":36}},"loc":{"start":{"line":8,"column":49},"end":{"line":24,"column":1}},"line":8},"2":{"name":"(anonymous_2)","decl":{"start":{"line":11,"column":25},"end":{"line":11,"column":26}},"loc":{"start":{"line":11,"column":32},"end":{"line":13,"column":3}},"line":11},"3":{"name":"(anonymous_3)","decl":{"start":{"line":15,"column":12},"end":{"line":15,"column":13}},"loc":{"start":{"line":15,"column":18},"end":{"line":21,"column":3}},"line":15},"4":{"name":"(anonymous_4)","decl":{"start":{"line":18,"column":11},"end":{"line":18,"column":12}},"loc":{"start":{"line":18,"column":17},"end":{"line":20,"column":5}},"line":18},"5":{"name":"(anonymous_5)","decl":{"start":{"line":30,"column":15},"end":{"line":30,"column":16}},"loc":{"start":{"line":30,"column":21},"end":{"line":37,"column":1}},"line":30}},"branchMap":{"0":{"loc":{"start":{"line":12,"column":11},"end":{"line":12,"column":49}},"type":"binary-expr","locations":[{"start":{"line":12,"column":11},"end":{"line":12,"column":26}},{"start":{"line":12,"column":30},"end":{"line":12,"column":49}}],"line":12}},"s":{"0":2,"1":7,"2":6,"3":6,"4":6,"5":5,"6":6,"7":6,"8":6,"9":6,"10":6,"11":7,"12":7},"f":{"0":7,"1":6,"2":5,"3":6,"4":6,"5":7},"b":{"0":[5,2]},"_coverageSchema":"1a1c01bbd47fc00a2c39e90264f33305004495a9","hash":"6070c0cf2902b576134657c21477816256d7c06b"}
,"/Users/ben.march/Projects/react-hook-tour/lib/useTourController.js": {"path":"/Users/ben.march/Projects/react-hook-tour/lib/useTourController.js","statementMap":{"0":{"start":{"line":14,"column":28},"end":{"line":17,"column":4}},"1":{"start":{"line":18,"column":20},"end":{"line":18,"column":44}},"2":{"start":{"line":19,"column":18},"end":{"line":19,"column":54}},"3":{"start":{"line":22,"column":25},"end":{"line":25,"column":3}},"4":{"start":{"line":28,"column":2},"end":{"line":28,"column":31}},"5":{"start":{"line":30,"column":2},"end":{"line":30,"column":23}}},"fnMap":{"0":{"name":"(anonymous_0)","decl":{"start":{"line":10,"column":15},"end":{"line":10,"column":16}},"loc":{"start":{"line":10,"column":29},"end":{"line":31,"column":1}},"line":10}},"branchMap":{},"s":{"0":6,"1":6,"2":6,"3":6,"4":6,"5":6},"f":{"0":6},"b":{},"_coverageSchema":"1a1c01bbd47fc00a2c39e90264f33305004495a9","hash":"073ce1aabe953e1028c3fd11de57a62e5a6c3666"}
}
