{"/Users/ben.march/Projects/react-hook-tour/lib/actions.js": {"path":"/Users/ben.march/Projects/react-hook-tour/lib/actions.js","statementMap":{"0":{"start":{"line":27,"column":23},"end":{"line":36,"column":3}},"1":{"start":{"line":28,"column":4},"end":{"line":30,"column":5}},"2":{"start":{"line":29,"column":6},"end":{"line":29,"column":44}},"3":{"start":{"line":32,"column":24},"end":{"line":32,"column":50}},"4":{"start":{"line":33,"column":4},"end":{"line":35,"column":5}},"5":{"start":{"line":34,"column":6},"end":{"line":34,"column":36}},"6":{"start":{"line":41,"column":16},"end":{"line":57,"column":3}},"7":{"start":{"line":42,"column":4},"end":{"line":56,"column":5}},"8":{"start":{"line":43,"column":6},"end":{"line":43,"column":35}},"9":{"start":{"line":45,"column":6},"end":{"line":51,"column":8}},"10":{"start":{"line":53,"column":6},"end":{"line":55,"column":8}},"11":{"start":{"line":62,"column":14},"end":{"line":70,"column":3}},"12":{"start":{"line":63,"column":4},"end":{"line":69,"column":5}},"13":{"start":{"line":64,"column":6},"end":{"line":64,"column":33}},"14":{"start":{"line":66,"column":6},"end":{"line":68,"column":8}},"15":{"start":{"line":75,"column":16},"end":{"line":83,"column":3}},"16":{"start":{"line":76,"column":4},"end":{"line":82,"column":5}},"17":{"start":{"line":77,"column":6},"end":{"line":77,"column":35}},"18":{"start":{"line":79,"column":6},"end":{"line":81,"column":8}},"19":{"start":{"line":88,"column":17},"end":{"line":96,"column":3}},"20":{"start":{"line":89,"column":4},"end":{"line":95,"column":5}},"21":{"start":{"line":90,"column":6},"end":{"line":90,"column":36}},"22":{"start":{"line":92,"column":6},"end":{"line":94,"column":8}},"23":{"start":{"line":101,"column":15},"end":{"line":113,"column":3}},"24":{"start":{"line":102,"column":4},"end":{"line":112,"column":5}},"25":{"start":{"line":103,"column":6},"end":{"line":103,"column":34}},"26":{"start":{"line":105,"column":6},"end":{"line":111,"column":8}},"27":{"start":{"line":118,"column":15},"end":{"line":130,"column":3}},"28":{"start":{"line":119,"column":4},"end":{"line":129,"column":5}},"29":{"start":{"line":120,"column":6},"end":{"line":120,"column":34}},"30":{"start":{"line":122,"column":6},"end":{"line":128,"column":8}},"31":{"start":{"line":137,"column":23},"end":{"line":142,"column":3}},"32":{"start":{"line":138,"column":4},"end":{"line":141,"column":6}},"33":{"start":{"line":148,"column":25},"end":{"line":153,"column":3}},"34":{"start":{"line":149,"column":4},"end":{"line":152,"column":6}},"35":{"start":{"line":162,"column":18},"end":{"line":169,"column":3}},"36":{"start":{"line":163,"column":4},"end":{"line":163,"column":37}},"37":{"start":{"line":165,"column":4},"end":{"line":168,"column":6}},"38":{"start":{"line":178,"column":21},"end":{"line":185,"column":3}},"39":{"start":{"line":179,"column":4},"end":{"line":179,"column":39}},"40":{"start":{"line":181,"column":4},"end":{"line":184,"column":6}},"41":{"start":{"line":194,"column":25},"end":{"line":199,"column":3}},"42":{"start":{"line":195,"column":4},"end":{"line":198,"column":6}},"43":{"start":{"line":208,"column":22},"end":{"line":213,"column":3}},"44":{"start":{"line":209,"column":4},"end":{"line":212,"column":6}},"45":{"start":{"line":222,"column":24},"end":{"line":227,"column":3}},"46":{"start":{"line":223,"column":4},"end":{"line":226,"column":6}},"47":{"start":{"line":229,"column":2},"end":{"line":243,"column":3}}},"fnMap":{"0":{"name":"(anonymous_0)","decl":{"start":{"line":20,"column":15},"end":{"line":20,"column":16}},"loc":{"start":{"line":20,"column":40},"end":{"line":244,"column":1}},"line":20},"1":{"name":"(anonymous_1)","decl":{"start":{"line":27,"column":23},"end":{"line":27,"column":24}},"loc":{"start":{"line":27,"column":42},"end":{"line":36,"column":3}},"line":27},"2":{"name":"(anonymous_2)","decl":{"start":{"line":41,"column":16},"end":{"line":41,"column":17}},"loc":{"start":{"line":41,"column":28},"end":{"line":57,"column":3}},"line":41},"3":{"name":"(anonymous_3)","decl":{"start":{"line":62,"column":14},"end":{"line":62,"column":15}},"loc":{"start":{"line":62,"column":26},"end":{"line":70,"column":3}},"line":62},"4":{"name":"(anonymous_4)","decl":{"start":{"line":75,"column":16},"end":{"line":75,"column":17}},"loc":{"start":{"line":75,"column":28},"end":{"line":83,"column":3}},"line":75},"5":{"name":"(anonymous_5)","decl":{"start":{"line":88,"column":17},"end":{"line":88,"column":18}},"loc":{"start":{"line":88,"column":29},"end":{"line":96,"column":3}},"line":88},"6":{"name":"(anonymous_6)","decl":{"start":{"line":101,"column":15},"end":{"line":101,"column":16}},"loc":{"start":{"line":101,"column":27},"end":{"line":113,"column":3}},"line":101},"7":{"name":"(anonymous_7)","decl":{"start":{"line":118,"column":15},"end":{"line":118,"column":16}},"loc":{"start":{"line":118,"column":27},"end":{"line":130,"column":3}},"line":118},"8":{"name":"(anonymous_8)","decl":{"start":{"line":137,"column":23},"end":{"line":137,"column":24}},"loc":{"start":{"line":137,"column":38},"end":{"line":142,"column":3}},"line":137},"9":{"name":"(anonymous_9)","decl":{"start":{"line":148,"column":25},"end":{"line":148,"column":26}},"loc":{"start":{"line":148,"column":42},"end":{"line":153,"column":3}},"line":148},"10":{"name":"(anonymous_10)","decl":{"start":{"line":162,"column":18},"end":{"line":162,"column":19}},"loc":{"start":{"line":162,"column":40},"end":{"line":169,"column":3}},"line":162},"11":{"name":"(anonymous_11)","decl":{"start":{"line":178,"column":21},"end":{"line":178,"column":22}},"loc":{"start":{"line":178,"column":43},"end":{"line":185,"column":3}},"line":178},"12":{"name":"(anonymous_12)","decl":{"start":{"line":194,"column":25},"end":{"line":194,"column":26}},"loc":{"start":{"line":194,"column":33},"end":{"line":199,"column":3}},"line":194},"13":{"name":"(anonymous_13)","decl":{"start":{"line":208,"column":22},"end":{"line":208,"column":23}},"loc":{"start":{"line":208,"column":34},"end":{"line":213,"column":3}},"line":208},"14":{"name":"(anonymous_14)","decl":{"start":{"line":222,"column":24},"end":{"line":222,"column":25}},"loc":{"start":{"line":222,"column":31},"end":{"line":227,"column":3}},"line":222}},"branchMap":{"0":{"loc":{"start":{"line":28,"column":4},"end":{"line":30,"column":5}},"type":"if","locations":[{"start":{"line":28,"column":4},"end":{"line":30,"column":5}},{"start":{"line":28,"column":4},"end":{"line":30,"column":5}}],"line":28},"1":{"loc":{"start":{"line":33,"column":4},"end":{"line":35,"column":5}},"type":"if","locations":[{"start":{"line":33,"column":4},"end":{"line":35,"column":5}},{"start":{"line":33,"column":4},"end":{"line":35,"column":5}}],"line":33},"2":{"loc":{"start":{"line":33,"column":8},"end":{"line":33,"column":45}},"type":"binary-expr","locations":[{"start":{"line":33,"column":8},"end":{"line":33,"column":19}},{"start":{"line":33,"column":23},"end":{"line":33,"column":45}}],"line":33},"3":{"loc":{"start":{"line":42,"column":4},"end":{"line":56,"column":5}},"type":"if","locations":[{"start":{"line":42,"column":4},"end":{"line":56,"column":5}},{"start":{"line":42,"column":4},"end":{"line":56,"column":5}}],"line":42},"4":{"loc":{"start":{"line":63,"column":4},"end":{"line":69,"column":5}},"type":"if","locations":[{"start":{"line":63,"column":4},"end":{"line":69,"column":5}},{"start":{"line":63,"column":4},"end":{"line":69,"column":5}}],"line":63},"5":{"loc":{"start":{"line":76,"column":4},"end":{"line":82,"column":5}},"type":"if","locations":[{"start":{"line":76,"column":4},"end":{"line":82,"column":5}},{"start":{"line":76,"column":4},"end":{"line":82,"column":5}}],"line":76},"6":{"loc":{"start":{"line":89,"column":4},"end":{"line":95,"column":5}},"type":"if","locations":[{"start":{"line":89,"column":4},"end":{"line":95,"column":5}},{"start":{"line":89,"column":4},"end":{"line":95,"column":5}}],"line":89},"7":{"loc":{"start":{"line":102,"column":4},"end":{"line":112,"column":5}},"type":"if","locations":[{"start":{"line":102,"column":4},"end":{"line":112,"column":5}},{"start":{"line":102,"column":4},"end":{"line":112,"column":5}}],"line":102},"8":{"loc":{"start":{"line":119,"column":4},"end":{"line":129,"column":5}},"type":"if","locations":[{"start":{"line":119,"column":4},"end":{"line":129,"column":5}},{"start":{"line":119,"column":4},"end":{"line":129,"column":5}}],"line":119}},"s":{"0":29,"1":17,"2":1,"3":17,"4":17,"5":3,"6":29,"7":4,"8":3,"9":3,"10":3,"11":29,"12":3,"13":2,"14":2,"15":29,"16":3,"17":2,"18":2,"19":29,"20":3,"21":2,"22":2,"23":29,"24":3,"25":2,"26":2,"27":29,"28":3,"29":2,"30":2,"31":29,"32":1,"33":29,"34":1,"35":29,"36":2,"37":2,"38":29,"39":2,"40":2,"41":29,"42":1,"43":29,"44":1,"45":29,"46":1,"47":29},"f":{"0":29,"1":17,"2":4,"3":3,"4":3,"5":3,"6":3,"7":3,"8":1,"9":1,"10":2,"11":2,"12":1,"13":1,"14":1},"b":{"0":[1,16],"1":[3,14],"2":[17,17],"3":[3,1],"4":[2,1],"5":[2,1],"6":[2,1],"7":[2,1],"8":[2,1]},"_coverageSchema":"1a1c01bbd47fc00a2c39e90264f33305004495a9","hash":"52c26603de4eac5f6ab8063cdab44763eb145be5"}
,"/Users/ben.march/Projects/react-hook-tour/lib/constants.js": {"path":"/Users/ben.march/Projects/react-hook-tour/lib/constants.js","statementMap":{"0":{"start":{"line":2,"column":21},"end":{"line":2,"column":28}},"1":{"start":{"line":3,"column":19},"end":{"line":3,"column":24}},"2":{"start":{"line":4,"column":21},"end":{"line":4,"column":28}},"3":{"start":{"line":5,"column":22},"end":{"line":5,"column":30}},"4":{"start":{"line":6,"column":32},"end":{"line":6,"column":50}},"5":{"start":{"line":7,"column":32},"end":{"line":7,"column":50}},"6":{"start":{"line":8,"column":24},"end":{"line":8,"column":34}},"7":{"start":{"line":9,"column":27},"end":{"line":9,"column":40}},"8":{"start":{"line":10,"column":25},"end":{"line":10,"column":36}},"9":{"start":{"line":11,"column":32},"end":{"line":11,"column":50}},"10":{"start":{"line":12,"column":24},"end":{"line":12,"column":34}},"11":{"start":{"line":13,"column":31},"end":{"line":13,"column":48}},"12":{"start":{"line":15,"column":26},"end":{"line":20,"column":1}}},"fnMap":{},"branchMap":{},"s":{"0":1,"1":1,"2":1,"3":1,"4":1,"5":1,"6":1,"7":1,"8":1,"9":1,"10":1,"11":1,"12":1},"f":{},"b":{},"_coverageSchema":"1a1c01bbd47fc00a2c39e90264f33305004495a9","hash":"5d89eb104f6883e484af0f9057bd434205618c40"}
}
