TN:
SF:lib/actions.js
FN:20,(anonymous_0)
FN:27,(anonymous_1)
FN:41,(anonymous_2)
FN:62,(anonymous_3)
FN:75,(anonymous_4)
FN:88,(anonymous_5)
FN:101,(anonymous_6)
FN:118,(anonymous_7)
FN:137,(anonymous_8)
FN:148,(anonymous_9)
FN:162,(anonymous_10)
FN:178,(anonymous_11)
FN:194,(anonymous_12)
FN:208,(anonymous_13)
FN:222,(anonymous_14)
FNF:15
FNH:15
FNDA:29,(anonymous_0)
FNDA:17,(anonymous_1)
FNDA:4,(anonymous_2)
FNDA:3,(anonymous_3)
FNDA:3,(anonymous_4)
FNDA:3,(anonymous_5)
FNDA:3,(anonymous_6)
FNDA:3,(anonymous_7)
FNDA:1,(anonymous_8)
FNDA:1,(anonymous_9)
FNDA:2,(anonymous_10)
FNDA:2,(anonymous_11)
FNDA:1,(anonymous_12)
FNDA:1,(anonymous_13)
FNDA:1,(anonymous_14)
DA:27,29
DA:28,17
DA:29,1
DA:32,17
DA:33,17
DA:34,3
DA:41,29
DA:42,4
DA:43,3
DA:45,3
DA:53,3
DA:62,29
DA:63,3
DA:64,2
DA:66,2
DA:75,29
DA:76,3
DA:77,2
DA:79,2
DA:88,29
DA:89,3
DA:90,2
DA:92,2
DA:101,29
DA:102,3
DA:103,2
DA:105,2
DA:118,29
DA:119,3
DA:120,2
DA:122,2
DA:137,29
DA:138,1
DA:148,29
DA:149,1
DA:162,29
DA:163,2
DA:165,2
DA:178,29
DA:179,2
DA:181,2
DA:194,29
DA:195,1
DA:208,29
DA:209,1
DA:222,29
DA:223,1
DA:229,29
LF:48
LH:48
BRDA:28,0,0,1
BRDA:28,0,1,16
BRDA:33,1,0,3
BRDA:33,1,1,14
BRDA:33,2,0,17
BRDA:33,2,1,17
BRDA:42,3,0,3
BRDA:42,3,1,1
BRDA:63,4,0,2
BRDA:63,4,1,1
BRDA:76,5,0,2
BRDA:76,5,1,1
BRDA:89,6,0,2
BRDA:89,6,1,1
BRDA:102,7,0,2
BRDA:102,7,1,1
BRDA:119,8,0,2
BRDA:119,8,1,1
BRF:18
BRH:18
end_of_record
TN:
SF:lib/constants.js
FNF:0
FNH:0
DA:2,2
DA:3,2
DA:4,2
DA:5,2
DA:6,2
DA:7,2
DA:8,2
DA:9,2
DA:10,2
DA:11,2
DA:12,2
DA:13,2
DA:15,2
LF:13
LH:13
BRF:0
BRH:0
end_of_record
TN:
SF:lib/reducer.js
FN:38,(anonymous_0)
FN:56,(anonymous_1)
FN:161,(anonymous_2)
FN:162,(anonymous_3)
FN:163,(anonymous_4)
FN:164,(anonymous_5)
FN:165,(anonymous_6)
FN:166,(anonymous_7)
FN:167,(anonymous_8)
FN:168,(anonymous_9)
FN:169,(anonymous_10)
FN:170,(anonymous_11)
FN:171,(anonymous_12)
FN:172,(anonymous_13)
FN:173,(anonymous_14)
FNF:15
FNH:15
FNDA:18,(anonymous_0)
FNDA:23,(anonymous_1)
FNDA:12,(anonymous_2)
FNDA:1,(anonymous_3)
FNDA:1,(anonymous_4)
FNDA:1,(anonymous_5)
FNDA:1,(anonymous_6)
FNDA:1,(anonymous_7)
FNDA:1,(anonymous_8)
FNDA:1,(anonymous_9)
FNDA:1,(anonymous_10)
FNDA:1,(anonymous_11)
FNDA:1,(anonymous_12)
FNDA:1,(anonymous_13)
FNDA:1,(anonymous_14)
DA:17,1
DA:38,1
DA:39,18
DA:41,18
DA:42,4
DA:45,14
DA:46,10
DA:49,4
DA:50,4
DA:53,0
DA:57,23
DA:59,2
DA:67,2
DA:68,1
DA:69,1
DA:72,2
DA:75,2
DA:76,2
DA:79,1
DA:86,1
DA:97,1
DA:104,1
DA:111,9
DA:122,1
DA:128,1
DA:134,1
DA:143,1
DA:150,1
DA:156,1
DA:161,12
DA:162,1
DA:163,1
DA:164,1
DA:165,1
DA:166,1
DA:167,1
DA:168,1
DA:169,1
DA:170,1
DA:171,1
DA:172,1
DA:173,1
LF:42
LH:41
BRDA:41,0,0,4
BRDA:41,0,1,14
BRDA:45,1,0,10
BRDA:45,1,1,4
BRDA:49,2,0,4
BRDA:49,2,1,0
BRDA:57,3,0,2
BRDA:57,3,1,2
BRDA:57,3,2,1
BRDA:57,3,3,1
BRDA:57,3,4,1
BRDA:57,3,5,1
BRDA:57,3,6,9
BRDA:57,3,7,1
BRDA:57,3,8,1
BRDA:57,3,9,1
BRDA:57,3,10,1
BRDA:57,3,11,1
BRDA:57,3,12,1
BRDA:67,4,0,1
BRDA:67,4,1,1
BRF:21
BRH:20
end_of_record
