TN:
SF:lib/TourPopover.jsx
FN:6,(anonymous_0)
FN:18,(anonymous_1)
FN:44,(anonymous_2)
FNF:3
FNH:2
FNDA:0,(anonymous_0)
FNDA:20,(anonymous_1)
FNDA:20,(anonymous_2)
DA:5,4
DA:7,0
DA:19,20
DA:20,20
DA:22,20
DA:23,20
DA:25,20
DA:44,20
DA:45,20
DA:46,10
DA:50,20
DA:59,20
DA:60,20
DA:61,2
DA:62,18
DA:63,2
DA:66,20
DA:73,20
LF:18
LH:17
BRDA:25,0,0,4
BRDA:25,0,1,16
BRDA:27,1,0,4
BRDA:27,1,1,16
BRDA:38,2,0,20
BRDA:38,2,1,18
BRDA:45,3,0,10
BRDA:45,3,1,10
BRDA:60,4,0,2
BRDA:60,4,1,18
BRDA:62,5,0,2
BRDA:62,5,1,16
BRDA:66,6,0,4
BRDA:66,6,1,16
BRDA:75,7,0,20
BRDA:75,7,1,18
BRF:16
BRH:16
end_of_record
TN:
SF:lib/TourProvider.jsx
FN:8,(anonymous_0)
FNF:1
FNH:1
FNDA:6,(anonymous_0)
DA:6,4
DA:9,6
DA:10,6
DA:12,6
LF:4
LH:4
BRDA:10,0,0,6
BRDA:10,0,1,2
BRDA:16,1,0,6
BRDA:16,1,1,1
BRF:4
BRH:4
end_of_record
TN:
SF:lib/actions.js
FN:20,(anonymous_0)
FN:27,(anonymous_1)
FN:41,(anonymous_2)
FN:62,(anonymous_3)
FN:75,(anonymous_4)
FN:88,(anonymous_5)
FN:101,(anonymous_6)
FN:118,(anonymous_7)
FN:137,(anonymous_8)
FN:148,(anonymous_9)
FN:162,(anonymous_10)
FN:178,(anonymous_11)
FN:194,(anonymous_12)
FN:208,(anonymous_13)
FN:222,(anonymous_14)
FNF:15
FNH:15
FNDA:29,(anonymous_0)
FNDA:17,(anonymous_1)
FNDA:4,(anonymous_2)
FNDA:3,(anonymous_3)
FNDA:3,(anonymous_4)
FNDA:3,(anonymous_5)
FNDA:3,(anonymous_6)
FNDA:3,(anonymous_7)
FNDA:1,(anonymous_8)
FNDA:1,(anonymous_9)
FNDA:2,(anonymous_10)
FNDA:2,(anonymous_11)
FNDA:1,(anonymous_12)
FNDA:1,(anonymous_13)
FNDA:1,(anonymous_14)
DA:27,29
DA:28,17
DA:29,1
DA:32,17
DA:33,17
DA:34,3
DA:41,29
DA:42,4
DA:43,3
DA:45,3
DA:53,3
DA:62,29
DA:63,3
DA:64,2
DA:66,2
DA:75,29
DA:76,3
DA:77,2
DA:79,2
DA:88,29
DA:89,3
DA:90,2
DA:92,2
DA:101,29
DA:102,3
DA:103,2
DA:105,2
DA:118,29
DA:119,3
DA:120,2
DA:122,2
DA:137,29
DA:138,1
DA:148,29
DA:149,1
DA:162,29
DA:163,2
DA:165,2
DA:178,29
DA:179,2
DA:181,2
DA:194,29
DA:195,1
DA:208,29
DA:209,1
DA:222,29
DA:223,1
DA:229,29
LF:48
LH:48
BRDA:28,0,0,1
BRDA:28,0,1,16
BRDA:33,1,0,3
BRDA:33,1,1,14
BRDA:33,2,0,17
BRDA:33,2,1,17
BRDA:42,3,0,3
BRDA:42,3,1,1
BRDA:63,4,0,2
BRDA:63,4,1,1
BRDA:76,5,0,2
BRDA:76,5,1,1
BRDA:89,6,0,2
BRDA:89,6,1,1
BRDA:102,7,0,2
BRDA:102,7,1,1
BRDA:119,8,0,2
BRDA:119,8,1,1
BRF:18
BRH:18
end_of_record
TN:
SF:lib/constants.js
FNF:0
FNH:0
DA:2,11
DA:3,11
DA:4,11
DA:5,11
DA:6,11
DA:7,11
DA:8,11
DA:9,11
DA:10,11
DA:11,11
DA:12,11
DA:13,11
DA:15,11
LF:13
LH:13
BRF:0
BRH:0
end_of_record
TN:
SF:lib/reducer.js
FN:38,(anonymous_0)
FN:56,(anonymous_1)
FN:161,(anonymous_2)
FN:162,(anonymous_3)
FN:163,(anonymous_4)
FN:164,(anonymous_5)
FN:165,(anonymous_6)
FN:166,(anonymous_7)
FN:167,(anonymous_8)
FN:168,(anonymous_9)
FN:169,(anonymous_10)
FN:170,(anonymous_11)
FN:171,(anonymous_12)
FN:172,(anonymous_13)
FN:173,(anonymous_14)
FNF:15
FNH:15
FNDA:18,(anonymous_0)
FNDA:23,(anonymous_1)
FNDA:12,(anonymous_2)
FNDA:1,(anonymous_3)
FNDA:1,(anonymous_4)
FNDA:1,(anonymous_5)
FNDA:1,(anonymous_6)
FNDA:1,(anonymous_7)
FNDA:1,(anonymous_8)
FNDA:1,(anonymous_9)
FNDA:1,(anonymous_10)
FNDA:1,(anonymous_11)
FNDA:1,(anonymous_12)
FNDA:1,(anonymous_13)
FNDA:1,(anonymous_14)
DA:17,5
DA:38,5
DA:39,18
DA:41,18
DA:42,4
DA:45,14
DA:46,10
DA:49,4
DA:50,4
DA:53,0
DA:57,23
DA:59,2
DA:67,2
DA:68,1
DA:69,1
DA:72,2
DA:75,2
DA:76,2
DA:79,1
DA:86,1
DA:97,1
DA:104,1
DA:111,9
DA:122,1
DA:128,1
DA:134,1
DA:143,1
DA:150,1
DA:156,1
DA:161,12
DA:162,1
DA:163,1
DA:164,1
DA:165,1
DA:166,1
DA:167,1
DA:168,1
DA:169,1
DA:170,1
DA:171,1
DA:172,1
DA:173,1
LF:42
LH:41
BRDA:41,0,0,4
BRDA:41,0,1,14
BRDA:45,1,0,10
BRDA:45,1,1,4
BRDA:49,2,0,4
BRDA:49,2,1,0
BRDA:57,3,0,2
BRDA:57,3,1,2
BRDA:57,3,2,1
BRDA:57,3,3,1
BRDA:57,3,4,1
BRDA:57,3,5,1
BRDA:57,3,6,9
BRDA:57,3,7,1
BRDA:57,3,8,1
BRDA:57,3,9,1
BRDA:57,3,10,1
BRDA:57,3,11,1
BRDA:57,3,12,1
BRDA:67,4,0,1
BRDA:67,4,1,1
BRF:21
BRH:20
end_of_record
TN:
SF:lib/smartScroll.js
FN:3,(anonymous_0)
FN:13,(anonymous_1)
FNF:2
FNH:2
FNDA:18,(anonymous_0)
FNDA:27,(anonymous_1)
DA:1,6
DA:11,18
DA:13,18
DA:14,27
DA:16,27
DA:25,18
DA:26,2
DA:29,16
DA:30,16
DA:33,16
DA:40,16
DA:47,16
DA:48,4
DA:49,12
DA:50,4
DA:53,16
DA:54,4
DA:55,12
DA:56,4
DA:60,16
DA:61,16
DA:62,16
DA:64,0
LF:23
LH:22
BRDA:3,0,0,9
BRDA:5,1,0,9
BRDA:6,2,0,9
BRDA:7,3,0,9
BRDA:8,4,0,9
BRDA:9,5,0,9
BRDA:17,6,0,27
BRDA:17,6,1,23
BRDA:17,6,2,19
BRDA:17,6,3,15
BRDA:19,7,0,19
BRDA:19,7,1,0
BRDA:20,8,0,15
BRDA:20,8,1,0
BRDA:25,9,0,2
BRDA:25,9,1,16
BRDA:25,10,0,18
BRDA:25,10,1,9
BRDA:36,11,0,16
BRDA:36,11,1,0
BRDA:37,12,0,16
BRDA:37,12,1,0
BRDA:47,13,0,4
BRDA:47,13,1,12
BRDA:49,14,0,4
BRDA:49,14,1,8
BRDA:53,15,0,4
BRDA:53,15,1,12
BRDA:55,16,0,4
BRDA:55,16,1,8
BRDA:60,17,0,16
BRDA:60,17,1,0
BRDA:60,18,0,16
BRDA:60,18,1,8
BRDA:61,19,0,16
BRDA:61,19,1,0
BRF:36
BRH:30
end_of_record
TN:
SF:lib/useBackdrop.js
FN:9,(anonymous_0)
FN:12,(anonymous_1)
FN:14,(anonymous_2)
FN:20,(anonymous_3)
FN:25,(anonymous_4)
FNF:5
FNH:4
FNDA:4,(anonymous_0)
FNDA:4,(anonymous_1)
FNDA:2,(anonymous_2)
FNDA:0,(anonymous_3)
FNDA:4,(anonymous_4)
DA:10,4
DA:12,4
DA:13,4
DA:14,2
DA:15,2
DA:16,2
DA:17,2
DA:18,2
DA:25,4
DA:26,4
DA:27,2
DA:28,2
DA:33,4
LF:13
LH:13
BRDA:13,0,0,2
BRDA:13,0,1,2
BRDA:15,1,0,2
BRDA:15,1,1,0
BRDA:16,2,0,2
BRDA:16,2,1,0
BRDA:26,3,0,2
BRDA:26,3,1,2
BRDA:26,4,0,4
BRDA:26,4,1,2
BRF:10
BRH:8
end_of_record
TN:
SF:lib/useStepChange.js
FN:11,(anonymous_0)
FN:17,(anonymous_1)
FN:18,(anonymous_2)
FNF:3
FNH:3
FNDA:15,(anonymous_0)
FNDA:15,(anonymous_1)
FNDA:15,(anonymous_2)
DA:12,15
DA:17,15
DA:18,15
DA:19,15
DA:20,15
DA:21,15
DA:22,15
DA:23,15
DA:24,15
DA:25,15
DA:28,15
DA:29,1
DA:33,15
DA:34,1
DA:38,15
DA:39,6
DA:41,6
DA:42,5
DA:43,2
DA:44,3
DA:45,1
DA:46,2
DA:47,1
DA:48,1
DA:54,15
DA:55,8
DA:56,1
DA:60,8
DA:61,8
DA:67,8
DA:68,3
DA:69,1
DA:74,2
DA:79,3
DA:80,3
DA:85,15
DA:86,1
LF:37
LH:37
BRDA:14,0,0,15
BRDA:14,0,1,0
BRDA:25,1,0,15
BRDA:25,1,1,0
BRDA:28,2,0,1
BRDA:28,2,1,14
BRDA:28,3,0,15
BRDA:28,3,1,15
BRDA:28,3,2,1
BRDA:33,4,0,1
BRDA:33,4,1,14
BRDA:33,5,0,15
BRDA:33,5,1,15
BRDA:33,5,2,9
BRDA:33,5,3,2
BRDA:38,6,0,6
BRDA:38,6,1,9
BRDA:38,7,0,15
BRDA:38,7,1,14
BRDA:41,8,0,5
BRDA:41,8,1,1
BRDA:42,9,0,2
BRDA:42,9,1,3
BRDA:44,10,0,1
BRDA:44,10,1,2
BRDA:46,11,0,1
BRDA:46,11,1,1
BRDA:54,12,0,8
BRDA:54,12,1,7
BRDA:54,13,0,15
BRDA:54,13,1,9
BRDA:55,14,0,1
BRDA:55,14,1,7
BRDA:60,15,0,8
BRDA:60,15,1,0
BRDA:60,16,0,8
BRDA:60,16,1,8
BRDA:67,17,0,3
BRDA:67,17,1,5
BRDA:67,18,0,8
BRDA:67,18,1,8
BRDA:67,18,2,3
BRDA:68,19,0,1
BRDA:68,19,1,2
BRDA:71,20,0,1
BRDA:71,20,1,0
BRDA:76,21,0,2
BRDA:76,21,1,1
BRDA:85,22,0,1
BRDA:85,22,1,14
BRDA:85,23,0,15
BRDA:85,23,1,1
BRF:52
BRH:48
end_of_record
TN:
SF:lib/useTour.js
FN:8,(anonymous_0)
FN:8,(anonymous_1)
FN:11,(anonymous_2)
FN:15,(anonymous_3)
FN:18,(anonymous_4)
FN:30,(anonymous_5)
FNF:6
FNH:6
FNDA:7,(anonymous_0)
FNDA:6,(anonymous_1)
FNDA:5,(anonymous_2)
FNDA:6,(anonymous_3)
FNDA:6,(anonymous_4)
FNDA:7,(anonymous_5)
DA:8,7
DA:9,6
DA:10,6
DA:11,6
DA:12,5
DA:15,6
DA:16,6
DA:18,6
DA:19,6
DA:23,6
DA:31,7
DA:33,7
LF:12
LH:12
BRDA:12,0,0,5
BRDA:12,0,1,2
BRF:2
BRH:2
end_of_record
TN:
SF:lib/useTourController.js
FN:10,(anonymous_0)
FNF:1
FNH:1
FNDA:6,(anonymous_0)
DA:14,6
DA:18,6
DA:19,6
DA:22,6
DA:28,6
DA:30,6
LF:6
LH:6
BRF:0
BRH:0
end_of_record
